<?xml version="1.0" encoding="UTF-8"?>
<testsuites tests="2" failures="0" disabled="0" errors="0" timestamp="2018-08-24T22:24:38" time="0.001" name="AllTests">
  <testsuite name="pc2_processor_tests" tests="1" failures="0" disabled="0" errors="0" time="0">
    <testcase name="oneAndDone" status="run" time="0" classname="pc2_processor_tests" />
  </testsuite>
  <testsuite name="WaypointControllerTests" tests="1" failures="0" disabled="0" errors="0" time="0.001">
    <testcase name="overAndOut" status="run" time="0" classname="WaypointControllerTests" />
  </testsuite>
</testsuites>
